<?xml version="1.0" encoding="UTF-8"?>
<testng-results skipped="0" failed="0" ignored="0" total="2" passed="2">
  <reporter-output>
  </reporter-output>
  <suite name="Default suite" duration-ms="21700" started-at="2017-09-16T09:31:22Z" finished-at="2017-09-16T09:31:44Z">
    <groups>
    </groups>
    <test name="Default test" duration-ms="21700" started-at="2017-09-16T09:31:22Z" finished-at="2017-09-16T09:31:44Z">
      <class name="com.wikato.register.Test1">
        <test-method status="PASS" signature="setUp()[pri:0, instance:com.wikato.register.Test1@194eab6]" name="setUp" is-config="true" duration-ms="11" started-at="2017-09-16T21:31:22Z" finished-at="2017-09-16T21:31:22Z">
          <reporter-output>
          </reporter-output>
        </test-method> <!-- setUp -->
        <test-method status="PASS" signature="RegistrationTest(java.util.Map)[pri:0, instance:com.wikato.register.Test1@194eab6]" name="RegistrationTest" duration-ms="3054" started-at="2017-09-16T21:31:22Z" data-provider="CsvDataProvider" finished-at="2017-09-16T21:31:25Z">
          <params>
            <param index="0">
              <value>
                <![CDATA[{no=1, year=2019, class=chemistry, studentname=peushanpanagoda@gmail.com}]]>
              </value>
            </param>
          </params>
          <reporter-output>
          </reporter-output>
        </test-method> <!-- RegistrationTest -->
        <test-method status="PASS" signature="RegistrationTest(java.util.Map)[pri:0, instance:com.wikato.register.Test1@194eab6]" name="RegistrationTest" duration-ms="17291" started-at="2017-09-16T21:31:25Z" data-provider="CsvDataProvider" finished-at="2017-09-16T21:31:42Z">
          <params>
            <param index="0">
              <value>
                <![CDATA[{no=2, year=2018, class=maths, studentname=tony}]]>
              </value>
            </param>
          </params>
          <reporter-output>
          </reporter-output>
        </test-method> <!-- RegistrationTest -->
        <test-method status="PASS" signature="tearDown()[pri:0, instance:com.wikato.register.Test1@194eab6]" name="tearDown" is-config="true" duration-ms="1291" started-at="2017-09-16T21:31:43Z" finished-at="2017-09-16T21:31:44Z">
          <reporter-output>
          </reporter-output>
        </test-method> <!-- tearDown -->
      </class> <!-- com.wikato.register.Test1 -->
    </test> <!-- Default test -->
  </suite> <!-- Default suite -->
</testng-results>
