<?xml version="1.0" encoding="UTF-8"?>
<!-- Generated by org.testng.reporters.JUnitXMLReporter -->
<testsuite hostname="LAPTOP138" ignored="0" name="Waikato Register FF" tests="2" failures="0" timestamp="16 Sep 2017 09:00:04 GMT" time="3.091" errors="0">
  <testcase name="@BeforeMethod launchBrowser" time="3.047" classname="com.waikato.base.BaseTest">
    <failure type="org.openqa.selenium.SessionNotCreatedException" message="Unable to create new remote session. desired capabilities = Capabilities [{marionette=true, browserName=firefox, moz:firefoxOptions=org.openqa.selenium.firefox.FirefoxOptions@d7f8b4, version=, platform=ANY, firefox_profile=org.openqa.selenium.firefox.FirefoxProfile@309d4d}], required capabilities = Capabilities [{}]
Build info: version: &amp;apos;3.2.0&amp;apos;, revision: &amp;apos;8c03df6b79&amp;apos;, time: &amp;apos;2017-02-23 10:51:31 +0000&amp;apos;
System info: host: &amp;apos;LAPTOP138&amp;apos;, ip: &amp;apos;192.168.2.101&amp;apos;, os.name: &amp;apos;Windows 7&amp;apos;, os.arch: &amp;apos;x86&amp;apos;, os.version: &amp;apos;6.1&amp;apos;, java.version: &amp;apos;1.8.0_131&amp;apos;
Driver info: driver.version: FirefoxDriver">
      <![CDATA[org.openqa.selenium.SessionNotCreatedException: Unable to create new remote session. desired capabilities = Capabilities [{marionette=true, browserName=firefox, moz:firefoxOptions=org.openqa.selenium.firefox.FirefoxOptions@d7f8b4, version=, platform=ANY, firefox_profile=org.openqa.selenium.firefox.FirefoxProfile@309d4d}], required capabilities = Capabilities [{}]
Build info: version: '3.2.0', revision: '8c03df6b79', time: '2017-02-23 10:51:31 +0000'
System info: host: 'LAPTOP138', ip: '192.168.2.101', os.name: 'Windows 7', os.arch: 'x86', os.version: '6.1', java.version: '1.8.0_131'
Driver info: driver.version: FirefoxDriver
	at org.openqa.selenium.remote.ProtocolHandshake.createSession(ProtocolHandshake.java:91)
	at org.openqa.selenium.remote.HttpCommandExecutor.execute(HttpCommandExecutor.java:141)
	at org.openqa.selenium.remote.service.DriverCommandExecutor.execute(DriverCommandExecutor.java:82)
	at org.openqa.selenium.remote.RemoteWebDriver.execute(RemoteWebDriver.java:604)
	at org.openqa.selenium.remote.RemoteWebDriver.startSession(RemoteWebDriver.java:244)
	at org.openqa.selenium.remote.RemoteWebDriver.<init>(RemoteWebDriver.java:131)
	at org.openqa.selenium.firefox.FirefoxDriver.<init>(FirefoxDriver.java:293)
	at org.openqa.selenium.firefox.FirefoxDriver.<init>(FirefoxDriver.java:272)
	at org.openqa.selenium.firefox.FirefoxDriver.<init>(FirefoxDriver.java:267)
	at org.openqa.selenium.firefox.FirefoxDriver.<init>(FirefoxDriver.java:263)
	at org.openqa.selenium.firefox.FirefoxDriver.<init>(FirefoxDriver.java:122)
	at com.waikato.base.BrowserFactoryAll.getDriver(BrowserFactoryAll.java:18)
	at com.waikato.base.BaseTest.launchBrowser(BaseTest.java:34)
... Removed 27 stack frames]]>
    </failure>
  </testcase> <!-- @BeforeMethod launchBrowser -->
  <testcase name="@BeforeMethod launchBrowser" time="0.0" classname="com.waikato.base.BaseTest">
    <skipped/>
  </testcase> <!-- @BeforeMethod launchBrowser -->
  <testcase name="@AfterClass tearDown" time="0.0" classname="com.waikato.base.BaseTest">
    <skipped/>
  </testcase> <!-- @AfterClass tearDown -->
  <testcase name="RegistrationTest" time="0.0" classname="com.wikato.register.Test1">
    <skipped/>
  </testcase> <!-- RegistrationTest -->
  <testcase name="RegistrationTest" time="0.0" classname="com.wikato.register.Test1">
    <skipped/>
  </testcase> <!-- RegistrationTest -->
</testsuite> <!-- Waikato Register FF -->
